<?xml version="1.0" encoding="UTF-8"?>
<testsuite xmlns:xsi="http://www.w3.org/2001/XMLSchema-instance" xsi:noNamespaceSchemaLocation="https://maven.apache.org/surefire/maven-surefire-plugin/xsd/surefire-test-report.xsd" name="com.suzhoukeleqi.MywebApplicationTests" time="3.823" tests="1" errors="0" skipped="0" failures="0">
  <properties>
    <property name="sun.desktop" value="windows"/>
    <property name="awt.toolkit" value="sun.awt.windows.WToolkit"/>
    <property name="file.encoding.pkg" value="sun.io"/>
    <property name="java.specification.version" value="1.8"/>
    <property name="sun.cpu.isalist" value="amd64"/>
    <property name="sun.jnu.encoding" value="GBK"/>
    <property name="java.class.path" value="D:\Development\ideaWorkSpace\myweb\target\test-classes;D:\Development\ideaWorkSpace\myweb\target\classes;D:\Development\ideaWorkSpace\repository\org\springframework\boot\spring-boot-starter-data-redis\2.3.2.RELEASE\spring-boot-starter-data-redis-2.3.2.RELEASE.jar;D:\Development\ideaWorkSpace\repository\org\springframework\boot\spring-boot-starter\2.3.2.RELEASE\spring-boot-starter-2.3.2.RELEASE.jar;D:\Development\ideaWorkSpace\repository\org\springframework\boot\spring-boot-starter-logging\2.3.2.RELEASE\spring-boot-starter-logging-2.3.2.RELEASE.jar;D:\Development\ideaWorkSpace\repository\ch\qos\logback\logback-classic\1.2.3\logback-classic-1.2.3.jar;D:\Development\ideaWorkSpace\repository\ch\qos\logback\logback-core\1.2.3\logback-core-1.2.3.jar;D:\Development\ideaWorkSpace\repository\org\apache\logging\log4j\log4j-to-slf4j\2.13.3\log4j-to-slf4j-2.13.3.jar;D:\Development\ideaWorkSpace\repository\org\apache\logging\log4j\log4j-api\2.13.3\log4j-api-2.13.3.jar;D:\Development\ideaWorkSpace\repository\org\slf4j\jul-to-slf4j\1.7.30\jul-to-slf4j-1.7.30.jar;D:\Development\ideaWorkSpace\repository\jakarta\annotation\jakarta.annotation-api\1.3.5\jakarta.annotation-api-1.3.5.jar;D:\Development\ideaWorkSpace\repository\org\yaml\snakeyaml\1.26\snakeyaml-1.26.jar;D:\Development\ideaWorkSpace\repository\org\springframework\data\spring-data-redis\2.3.2.RELEASE\spring-data-redis-2.3.2.RELEASE.jar;D:\Development\ideaWorkSpace\repository\org\springframework\data\spring-data-keyvalue\2.3.2.RELEASE\spring-data-keyvalue-2.3.2.RELEASE.jar;D:\Development\ideaWorkSpace\repository\org\springframework\data\spring-data-commons\2.3.2.RELEASE\spring-data-commons-2.3.2.RELEASE.jar;D:\Development\ideaWorkSpace\repository\org\springframework\spring-tx\5.2.8.RELEASE\spring-tx-5.2.8.RELEASE.jar;D:\Development\ideaWorkSpace\repository\org\springframework\spring-oxm\5.2.8.RELEASE\spring-oxm-5.2.8.RELEASE.jar;D:\Development\ideaWorkSpace\repository\org\springframework\spring-aop\5.2.8.RELEASE\spring-aop-5.2.8.RELEASE.jar;D:\Development\ideaWorkSpace\repository\org\springframework\spring-context-support\5.2.8.RELEASE\spring-context-support-5.2.8.RELEASE.jar;D:\Development\ideaWorkSpace\repository\org\slf4j\slf4j-api\1.7.30\slf4j-api-1.7.30.jar;D:\Development\ideaWorkSpace\repository\io\lettuce\lettuce-core\5.3.2.RELEASE\lettuce-core-5.3.2.RELEASE.jar;D:\Development\ideaWorkSpace\repository\io\netty\netty-common\4.1.51.Final\netty-common-4.1.51.Final.jar;D:\Development\ideaWorkSpace\repository\io\netty\netty-handler\4.1.51.Final\netty-handler-4.1.51.Final.jar;D:\Development\ideaWorkSpace\repository\io\netty\netty-resolver\4.1.51.Final\netty-resolver-4.1.51.Final.jar;D:\Development\ideaWorkSpace\repository\io\netty\netty-buffer\4.1.51.Final\netty-buffer-4.1.51.Final.jar;D:\Development\ideaWorkSpace\repository\io\netty\netty-codec\4.1.51.Final\netty-codec-4.1.51.Final.jar;D:\Development\ideaWorkSpace\repository\io\netty\netty-transport\4.1.51.Final\netty-transport-4.1.51.Final.jar;D:\Development\ideaWorkSpace\repository\io\projectreactor\reactor-core\3.3.8.RELEASE\reactor-core-3.3.8.RELEASE.jar;D:\Development\ideaWorkSpace\repository\org\reactivestreams\reactive-streams\1.0.3\reactive-streams-1.0.3.jar;D:\Development\ideaWorkSpace\repository\org\springframework\boot\spring-boot-starter-jdbc\2.3.2.RELEASE\spring-boot-starter-jdbc-2.3.2.RELEASE.jar;D:\Development\ideaWorkSpace\repository\com\zaxxer\HikariCP\3.4.5\HikariCP-3.4.5.jar;D:\Development\ideaWorkSpace\repository\org\springframework\spring-jdbc\5.2.8.RELEASE\spring-jdbc-5.2.8.RELEASE.jar;D:\Development\ideaWorkSpace\repository\org\springframework\spring-beans\5.2.8.RELEASE\spring-beans-5.2.8.RELEASE.jar;D:\Development\ideaWorkSpace\repository\org\springframework\boot\spring-boot-starter-thymeleaf\2.3.2.RELEASE\spring-boot-starter-thymeleaf-2.3.2.RELEASE.jar;D:\Development\ideaWorkSpace\repository\org\thymeleaf\thymeleaf-spring5\3.0.11.RELEASE\thymeleaf-spring5-3.0.11.RELEASE.jar;D:\Development\ideaWorkSpace\repository\org\thymeleaf\thymeleaf\3.0.11.RELEASE\thymeleaf-3.0.11.RELEASE.jar;D:\Development\ideaWorkSpace\repository\org\attoparser\attoparser\2.0.5.RELEASE\attoparser-2.0.5.RELEASE.jar;D:\Development\ideaWorkSpace\repository\org\unbescape\unbescape\1.1.6.RELEASE\unbescape-1.1.6.RELEASE.jar;D:\Development\ideaWorkSpace\repository\org\thymeleaf\extras\thymeleaf-extras-java8time\3.0.4.RELEASE\thymeleaf-extras-java8time-3.0.4.RELEASE.jar;D:\Development\ideaWorkSpace\repository\org\springframework\boot\spring-boot-starter-web\2.3.2.RELEASE\spring-boot-starter-web-2.3.2.RELEASE.jar;D:\Development\ideaWorkSpace\repository\org\springframework\boot\spring-boot-starter-json\2.3.2.RELEASE\spring-boot-starter-json-2.3.2.RELEASE.jar;D:\Development\ideaWorkSpace\repository\com\fasterxml\jackson\core\jackson-databind\2.11.1\jackson-databind-2.11.1.jar;D:\Development\ideaWorkSpace\repository\com\fasterxml\jackson\core\jackson-annotations\2.11.1\jackson-annotations-2.11.1.jar;D:\Development\ideaWorkSpace\repository\com\fasterxml\jackson\core\jackson-core\2.11.1\jackson-core-2.11.1.jar;D:\Development\ideaWorkSpace\repository\com\fasterxml\jackson\datatype\jackson-datatype-jdk8\2.11.1\jackson-datatype-jdk8-2.11.1.jar;D:\Development\ideaWorkSpace\repository\com\fasterxml\jackson\datatype\jackson-datatype-jsr310\2.11.1\jackson-datatype-jsr310-2.11.1.jar;D:\Development\ideaWorkSpace\repository\com\fasterxml\jackson\module\jackson-module-parameter-names\2.11.1\jackson-module-parameter-names-2.11.1.jar;D:\Development\ideaWorkSpace\repository\org\springframework\boot\spring-boot-starter-tomcat\2.3.2.RELEASE\spring-boot-starter-tomcat-2.3.2.RELEASE.jar;D:\Development\ideaWorkSpace\repository\org\apache\tomcat\embed\tomcat-embed-core\9.0.37\tomcat-embed-core-9.0.37.jar;D:\Development\ideaWorkSpace\repository\org\glassfish\jakarta.el\3.0.3\jakarta.el-3.0.3.jar;D:\Development\ideaWorkSpace\repository\org\apache\tomcat\embed\tomcat-embed-websocket\9.0.37\tomcat-embed-websocket-9.0.37.jar;D:\Development\ideaWorkSpace\repository\org\springframework\spring-web\5.2.8.RELEASE\spring-web-5.2.8.RELEASE.jar;D:\Development\ideaWorkSpace\repository\org\springframework\spring-webmvc\5.2.8.RELEASE\spring-webmvc-5.2.8.RELEASE.jar;D:\Development\ideaWorkSpace\repository\org\springframework\spring-context\5.2.8.RELEASE\spring-context-5.2.8.RELEASE.jar;D:\Development\ideaWorkSpace\repository\org\springframework\spring-expression\5.2.8.RELEASE\spring-expression-5.2.8.RELEASE.jar;D:\Development\ideaWorkSpace\repository\org\mybatis\spring\boot\mybatis-spring-boot-starter\2.1.3\mybatis-spring-boot-starter-2.1.3.jar;D:\Development\ideaWorkSpace\repository\org\mybatis\spring\boot\mybatis-spring-boot-autoconfigure\2.1.3\mybatis-spring-boot-autoconfigure-2.1.3.jar;D:\Development\ideaWorkSpace\repository\org\mybatis\mybatis\3.5.5\mybatis-3.5.5.jar;D:\Development\ideaWorkSpace\repository\org\mybatis\mybatis-spring\2.0.5\mybatis-spring-2.0.5.jar;D:\Development\ideaWorkSpace\repository\org\springframework\boot\spring-boot-devtools\2.3.2.RELEASE\spring-boot-devtools-2.3.2.RELEASE.jar;D:\Development\ideaWorkSpace\repository\org\springframework\boot\spring-boot\2.3.2.RELEASE\spring-boot-2.3.2.RELEASE.jar;D:\Development\ideaWorkSpace\repository\org\springframework\boot\spring-boot-autoconfigure\2.3.2.RELEASE\spring-boot-autoconfigure-2.3.2.RELEASE.jar;D:\Development\ideaWorkSpace\repository\mysql\mysql-connector-java\8.0.21\mysql-connector-java-8.0.21.jar;D:\Development\ideaWorkSpace\repository\org\springframework\boot\spring-boot-configuration-processor\2.3.2.RELEASE\spring-boot-configuration-processor-2.3.2.RELEASE.jar;D:\Development\ideaWorkSpace\repository\org\projectlombok\lombok\1.18.12\lombok-1.18.12.jar;D:\Development\ideaWorkSpace\repository\org\springframework\boot\spring-boot-starter-test\2.3.2.RELEASE\spring-boot-starter-test-2.3.2.RELEASE.jar;D:\Development\ideaWorkSpace\repository\org\springframework\boot\spring-boot-test\2.3.2.RELEASE\spring-boot-test-2.3.2.RELEASE.jar;D:\Development\ideaWorkSpace\repository\org\springframework\boot\spring-boot-test-autoconfigure\2.3.2.RELEASE\spring-boot-test-autoconfigure-2.3.2.RELEASE.jar;D:\Development\ideaWorkSpace\repository\com\jayway\jsonpath\json-path\2.4.0\json-path-2.4.0.jar;D:\Development\ideaWorkSpace\repository\net\minidev\json-smart\2.3\json-smart-2.3.jar;D:\Development\ideaWorkSpace\repository\net\minidev\accessors-smart\1.2\accessors-smart-1.2.jar;D:\Development\ideaWorkSpace\repository\org\ow2\asm\asm\5.0.4\asm-5.0.4.jar;D:\Development\ideaWorkSpace\repository\jakarta\xml\bind\jakarta.xml.bind-api\2.3.3\jakarta.xml.bind-api-2.3.3.jar;D:\Development\ideaWorkSpace\repository\jakarta\activation\jakarta.activation-api\1.2.2\jakarta.activation-api-1.2.2.jar;D:\Development\ideaWorkSpace\repository\org\assertj\assertj-core\3.16.1\assertj-core-3.16.1.jar;D:\Development\ideaWorkSpace\repository\org\hamcrest\hamcrest\2.2\hamcrest-2.2.jar;D:\Development\ideaWorkSpace\repository\org\junit\jupiter\junit-jupiter\5.6.2\junit-jupiter-5.6.2.jar;D:\Development\ideaWorkSpace\repository\org\junit\jupiter\junit-jupiter-api\5.6.2\junit-jupiter-api-5.6.2.jar;D:\Development\ideaWorkSpace\repository\org\apiguardian\apiguardian-api\1.1.0\apiguardian-api-1.1.0.jar;D:\Development\ideaWorkSpace\repository\org\opentest4j\opentest4j\1.2.0\opentest4j-1.2.0.jar;D:\Development\ideaWorkSpace\repository\org\junit\platform\junit-platform-commons\1.6.2\junit-platform-commons-1.6.2.jar;D:\Development\ideaWorkSpace\repository\org\junit\jupiter\junit-jupiter-params\5.6.2\junit-jupiter-params-5.6.2.jar;D:\Development\ideaWorkSpace\repository\org\junit\jupiter\junit-jupiter-engine\5.6.2\junit-jupiter-engine-5.6.2.jar;D:\Development\ideaWorkSpace\repository\org\junit\platform\junit-platform-engine\1.6.2\junit-platform-engine-1.6.2.jar;D:\Development\ideaWorkSpace\repository\org\mockito\mockito-core\3.3.3\mockito-core-3.3.3.jar;D:\Development\ideaWorkSpace\repository\net\bytebuddy\byte-buddy\1.10.13\byte-buddy-1.10.13.jar;D:\Development\ideaWorkSpace\repository\net\bytebuddy\byte-buddy-agent\1.10.13\byte-buddy-agent-1.10.13.jar;D:\Development\ideaWorkSpace\repository\org\objenesis\objenesis\2.6\objenesis-2.6.jar;D:\Development\ideaWorkSpace\repository\org\mockito\mockito-junit-jupiter\3.3.3\mockito-junit-jupiter-3.3.3.jar;D:\Development\ideaWorkSpace\repository\org\skyscreamer\jsonassert\1.5.0\jsonassert-1.5.0.jar;D:\Development\ideaWorkSpace\repository\com\vaadin\external\google\android-json\0.0.20131108.vaadin1\android-json-0.0.20131108.vaadin1.jar;D:\Development\ideaWorkSpace\repository\org\springframework\spring-core\5.2.8.RELEASE\spring-core-5.2.8.RELEASE.jar;D:\Development\ideaWorkSpace\repository\org\springframework\spring-jcl\5.2.8.RELEASE\spring-jcl-5.2.8.RELEASE.jar;D:\Development\ideaWorkSpace\repository\org\springframework\spring-test\5.2.8.RELEASE\spring-test-5.2.8.RELEASE.jar;D:\Development\ideaWorkSpace\repository\org\xmlunit\xmlunit-core\2.7.0\xmlunit-core-2.7.0.jar;D:\Development\ideaWorkSpace\repository\org\webjars\jquery\1.7.2\jquery-1.7.2.jar;D:\Development\ideaWorkSpace\repository\org\webjars\bootstrap\3.3.5\bootstrap-3.3.5.jar;"/>
    <property name="java.vm.vendor" value="Oracle Corporation"/>
    <property name="sun.arch.data.model" value="64"/>
    <property name="user.variant" value=""/>
    <property name="java.vendor.url" value="http://java.oracle.com/"/>
    <property name="user.timezone" value="Asia/Shanghai"/>
    <property name="java.vm.specification.version" value="1.8"/>
    <property name="os.name" value="Windows 10"/>
    <property name="user.country" value="CN"/>
    <property name="sun.java.launcher" value="SUN_STANDARD"/>
    <property name="sun.boot.library.path" value="C:\Program Files\Java\jdk1.8.0_201\jre\bin"/>
    <property name="sun.java.command" value="C:\Users\Piaoer\AppData\Local\Temp\surefire3209943693316264049\surefirebooter2398235767315371852.jar C:\Users\Piaoer\AppData\Local\Temp\surefire3209943693316264049 2020-08-15T16-40-38_318-jvmRun1 surefire1531074399783845421tmp surefire_08785198854957076170tmp"/>
    <property name="surefire.test.class.path" value="D:\Development\ideaWorkSpace\myweb\target\test-classes;D:\Development\ideaWorkSpace\myweb\target\classes;D:\Development\ideaWorkSpace\repository\org\springframework\boot\spring-boot-starter-data-redis\2.3.2.RELEASE\spring-boot-starter-data-redis-2.3.2.RELEASE.jar;D:\Development\ideaWorkSpace\repository\org\springframework\boot\spring-boot-starter\2.3.2.RELEASE\spring-boot-starter-2.3.2.RELEASE.jar;D:\Development\ideaWorkSpace\repository\org\springframework\boot\spring-boot-starter-logging\2.3.2.RELEASE\spring-boot-starter-logging-2.3.2.RELEASE.jar;D:\Development\ideaWorkSpace\repository\ch\qos\logback\logback-classic\1.2.3\logback-classic-1.2.3.jar;D:\Development\ideaWorkSpace\repository\ch\qos\logback\logback-core\1.2.3\logback-core-1.2.3.jar;D:\Development\ideaWorkSpace\repository\org\apache\logging\log4j\log4j-to-slf4j\2.13.3\log4j-to-slf4j-2.13.3.jar;D:\Development\ideaWorkSpace\repository\org\apache\logging\log4j\log4j-api\2.13.3\log4j-api-2.13.3.jar;D:\Development\ideaWorkSpace\repository\org\slf4j\jul-to-slf4j\1.7.30\jul-to-slf4j-1.7.30.jar;D:\Development\ideaWorkSpace\repository\jakarta\annotation\jakarta.annotation-api\1.3.5\jakarta.annotation-api-1.3.5.jar;D:\Development\ideaWorkSpace\repository\org\yaml\snakeyaml\1.26\snakeyaml-1.26.jar;D:\Development\ideaWorkSpace\repository\org\springframework\data\spring-data-redis\2.3.2.RELEASE\spring-data-redis-2.3.2.RELEASE.jar;D:\Development\ideaWorkSpace\repository\org\springframework\data\spring-data-keyvalue\2.3.2.RELEASE\spring-data-keyvalue-2.3.2.RELEASE.jar;D:\Development\ideaWorkSpace\repository\org\springframework\data\spring-data-commons\2.3.2.RELEASE\spring-data-commons-2.3.2.RELEASE.jar;D:\Development\ideaWorkSpace\repository\org\springframework\spring-tx\5.2.8.RELEASE\spring-tx-5.2.8.RELEASE.jar;D:\Development\ideaWorkSpace\repository\org\springframework\spring-oxm\5.2.8.RELEASE\spring-oxm-5.2.8.RELEASE.jar;D:\Development\ideaWorkSpace\repository\org\springframework\spring-aop\5.2.8.RELEASE\spring-aop-5.2.8.RELEASE.jar;D:\Development\ideaWorkSpace\repository\org\springframework\spring-context-support\5.2.8.RELEASE\spring-context-support-5.2.8.RELEASE.jar;D:\Development\ideaWorkSpace\repository\org\slf4j\slf4j-api\1.7.30\slf4j-api-1.7.30.jar;D:\Development\ideaWorkSpace\repository\io\lettuce\lettuce-core\5.3.2.RELEASE\lettuce-core-5.3.2.RELEASE.jar;D:\Development\ideaWorkSpace\repository\io\netty\netty-common\4.1.51.Final\netty-common-4.1.51.Final.jar;D:\Development\ideaWorkSpace\repository\io\netty\netty-handler\4.1.51.Final\netty-handler-4.1.51.Final.jar;D:\Development\ideaWorkSpace\repository\io\netty\netty-resolver\4.1.51.Final\netty-resolver-4.1.51.Final.jar;D:\Development\ideaWorkSpace\repository\io\netty\netty-buffer\4.1.51.Final\netty-buffer-4.1.51.Final.jar;D:\Development\ideaWorkSpace\repository\io\netty\netty-codec\4.1.51.Final\netty-codec-4.1.51.Final.jar;D:\Development\ideaWorkSpace\repository\io\netty\netty-transport\4.1.51.Final\netty-transport-4.1.51.Final.jar;D:\Development\ideaWorkSpace\repository\io\projectreactor\reactor-core\3.3.8.RELEASE\reactor-core-3.3.8.RELEASE.jar;D:\Development\ideaWorkSpace\repository\org\reactivestreams\reactive-streams\1.0.3\reactive-streams-1.0.3.jar;D:\Development\ideaWorkSpace\repository\org\springframework\boot\spring-boot-starter-jdbc\2.3.2.RELEASE\spring-boot-starter-jdbc-2.3.2.RELEASE.jar;D:\Development\ideaWorkSpace\repository\com\zaxxer\HikariCP\3.4.5\HikariCP-3.4.5.jar;D:\Development\ideaWorkSpace\repository\org\springframework\spring-jdbc\5.2.8.RELEASE\spring-jdbc-5.2.8.RELEASE.jar;D:\Development\ideaWorkSpace\repository\org\springframework\spring-beans\5.2.8.RELEASE\spring-beans-5.2.8.RELEASE.jar;D:\Development\ideaWorkSpace\repository\org\springframework\boot\spring-boot-starter-thymeleaf\2.3.2.RELEASE\spring-boot-starter-thymeleaf-2.3.2.RELEASE.jar;D:\Development\ideaWorkSpace\repository\org\thymeleaf\thymeleaf-spring5\3.0.11.RELEASE\thymeleaf-spring5-3.0.11.RELEASE.jar;D:\Development\ideaWorkSpace\repository\org\thymeleaf\thymeleaf\3.0.11.RELEASE\thymeleaf-3.0.11.RELEASE.jar;D:\Development\ideaWorkSpace\repository\org\attoparser\attoparser\2.0.5.RELEASE\attoparser-2.0.5.RELEASE.jar;D:\Development\ideaWorkSpace\repository\org\unbescape\unbescape\1.1.6.RELEASE\unbescape-1.1.6.RELEASE.jar;D:\Development\ideaWorkSpace\repository\org\thymeleaf\extras\thymeleaf-extras-java8time\3.0.4.RELEASE\thymeleaf-extras-java8time-3.0.4.RELEASE.jar;D:\Development\ideaWorkSpace\repository\org\springframework\boot\spring-boot-starter-web\2.3.2.RELEASE\spring-boot-starter-web-2.3.2.RELEASE.jar;D:\Development\ideaWorkSpace\repository\org\springframework\boot\spring-boot-starter-json\2.3.2.RELEASE\spring-boot-starter-json-2.3.2.RELEASE.jar;D:\Development\ideaWorkSpace\repository\com\fasterxml\jackson\core\jackson-databind\2.11.1\jackson-databind-2.11.1.jar;D:\Development\ideaWorkSpace\repository\com\fasterxml\jackson\core\jackson-annotations\2.11.1\jackson-annotations-2.11.1.jar;D:\Development\ideaWorkSpace\repository\com\fasterxml\jackson\core\jackson-core\2.11.1\jackson-core-2.11.1.jar;D:\Development\ideaWorkSpace\repository\com\fasterxml\jackson\datatype\jackson-datatype-jdk8\2.11.1\jackson-datatype-jdk8-2.11.1.jar;D:\Development\ideaWorkSpace\repository\com\fasterxml\jackson\datatype\jackson-datatype-jsr310\2.11.1\jackson-datatype-jsr310-2.11.1.jar;D:\Development\ideaWorkSpace\repository\com\fasterxml\jackson\module\jackson-module-parameter-names\2.11.1\jackson-module-parameter-names-2.11.1.jar;D:\Development\ideaWorkSpace\repository\org\springframework\boot\spring-boot-starter-tomcat\2.3.2.RELEASE\spring-boot-starter-tomcat-2.3.2.RELEASE.jar;D:\Development\ideaWorkSpace\repository\org\apache\tomcat\embed\tomcat-embed-core\9.0.37\tomcat-embed-core-9.0.37.jar;D:\Development\ideaWorkSpace\repository\org\glassfish\jakarta.el\3.0.3\jakarta.el-3.0.3.jar;D:\Development\ideaWorkSpace\repository\org\apache\tomcat\embed\tomcat-embed-websocket\9.0.37\tomcat-embed-websocket-9.0.37.jar;D:\Development\ideaWorkSpace\repository\org\springframework\spring-web\5.2.8.RELEASE\spring-web-5.2.8.RELEASE.jar;D:\Development\ideaWorkSpace\repository\org\springframework\spring-webmvc\5.2.8.RELEASE\spring-webmvc-5.2.8.RELEASE.jar;D:\Development\ideaWorkSpace\repository\org\springframework\spring-context\5.2.8.RELEASE\spring-context-5.2.8.RELEASE.jar;D:\Development\ideaWorkSpace\repository\org\springframework\spring-expression\5.2.8.RELEASE\spring-expression-5.2.8.RELEASE.jar;D:\Development\ideaWorkSpace\repository\org\mybatis\spring\boot\mybatis-spring-boot-starter\2.1.3\mybatis-spring-boot-starter-2.1.3.jar;D:\Development\ideaWorkSpace\repository\org\mybatis\spring\boot\mybatis-spring-boot-autoconfigure\2.1.3\mybatis-spring-boot-autoconfigure-2.1.3.jar;D:\Development\ideaWorkSpace\repository\org\mybatis\mybatis\3.5.5\mybatis-3.5.5.jar;D:\Development\ideaWorkSpace\repository\org\mybatis\mybatis-spring\2.0.5\mybatis-spring-2.0.5.jar;D:\Development\ideaWorkSpace\repository\org\springframework\boot\spring-boot-devtools\2.3.2.RELEASE\spring-boot-devtools-2.3.2.RELEASE.jar;D:\Development\ideaWorkSpace\repository\org\springframework\boot\spring-boot\2.3.2.RELEASE\spring-boot-2.3.2.RELEASE.jar;D:\Development\ideaWorkSpace\repository\org\springframework\boot\spring-boot-autoconfigure\2.3.2.RELEASE\spring-boot-autoconfigure-2.3.2.RELEASE.jar;D:\Development\ideaWorkSpace\repository\mysql\mysql-connector-java\8.0.21\mysql-connector-java-8.0.21.jar;D:\Development\ideaWorkSpace\repository\org\springframework\boot\spring-boot-configuration-processor\2.3.2.RELEASE\spring-boot-configuration-processor-2.3.2.RELEASE.jar;D:\Development\ideaWorkSpace\repository\org\projectlombok\lombok\1.18.12\lombok-1.18.12.jar;D:\Development\ideaWorkSpace\repository\org\springframework\boot\spring-boot-starter-test\2.3.2.RELEASE\spring-boot-starter-test-2.3.2.RELEASE.jar;D:\Development\ideaWorkSpace\repository\org\springframework\boot\spring-boot-test\2.3.2.RELEASE\spring-boot-test-2.3.2.RELEASE.jar;D:\Development\ideaWorkSpace\repository\org\springframework\boot\spring-boot-test-autoconfigure\2.3.2.RELEASE\spring-boot-test-autoconfigure-2.3.2.RELEASE.jar;D:\Development\ideaWorkSpace\repository\com\jayway\jsonpath\json-path\2.4.0\json-path-2.4.0.jar;D:\Development\ideaWorkSpace\repository\net\minidev\json-smart\2.3\json-smart-2.3.jar;D:\Development\ideaWorkSpace\repository\net\minidev\accessors-smart\1.2\accessors-smart-1.2.jar;D:\Development\ideaWorkSpace\repository\org\ow2\asm\asm\5.0.4\asm-5.0.4.jar;D:\Development\ideaWorkSpace\repository\jakarta\xml\bind\jakarta.xml.bind-api\2.3.3\jakarta.xml.bind-api-2.3.3.jar;D:\Development\ideaWorkSpace\repository\jakarta\activation\jakarta.activation-api\1.2.2\jakarta.activation-api-1.2.2.jar;D:\Development\ideaWorkSpace\repository\org\assertj\assertj-core\3.16.1\assertj-core-3.16.1.jar;D:\Development\ideaWorkSpace\repository\org\hamcrest\hamcrest\2.2\hamcrest-2.2.jar;D:\Development\ideaWorkSpace\repository\org\junit\jupiter\junit-jupiter\5.6.2\junit-jupiter-5.6.2.jar;D:\Development\ideaWorkSpace\repository\org\junit\jupiter\junit-jupiter-api\5.6.2\junit-jupiter-api-5.6.2.jar;D:\Development\ideaWorkSpace\repository\org\apiguardian\apiguardian-api\1.1.0\apiguardian-api-1.1.0.jar;D:\Development\ideaWorkSpace\repository\org\opentest4j\opentest4j\1.2.0\opentest4j-1.2.0.jar;D:\Development\ideaWorkSpace\repository\org\junit\platform\junit-platform-commons\1.6.2\junit-platform-commons-1.6.2.jar;D:\Development\ideaWorkSpace\repository\org\junit\jupiter\junit-jupiter-params\5.6.2\junit-jupiter-params-5.6.2.jar;D:\Development\ideaWorkSpace\repository\org\junit\jupiter\junit-jupiter-engine\5.6.2\junit-jupiter-engine-5.6.2.jar;D:\Development\ideaWorkSpace\repository\org\junit\platform\junit-platform-engine\1.6.2\junit-platform-engine-1.6.2.jar;D:\Development\ideaWorkSpace\repository\org\mockito\mockito-core\3.3.3\mockito-core-3.3.3.jar;D:\Development\ideaWorkSpace\repository\net\bytebuddy\byte-buddy\1.10.13\byte-buddy-1.10.13.jar;D:\Development\ideaWorkSpace\repository\net\bytebuddy\byte-buddy-agent\1.10.13\byte-buddy-agent-1.10.13.jar;D:\Development\ideaWorkSpace\repository\org\objenesis\objenesis\2.6\objenesis-2.6.jar;D:\Development\ideaWorkSpace\repository\org\mockito\mockito-junit-jupiter\3.3.3\mockito-junit-jupiter-3.3.3.jar;D:\Development\ideaWorkSpace\repository\org\skyscreamer\jsonassert\1.5.0\jsonassert-1.5.0.jar;D:\Development\ideaWorkSpace\repository\com\vaadin\external\google\android-json\0.0.20131108.vaadin1\android-json-0.0.20131108.vaadin1.jar;D:\Development\ideaWorkSpace\repository\org\springframework\spring-core\5.2.8.RELEASE\spring-core-5.2.8.RELEASE.jar;D:\Development\ideaWorkSpace\repository\org\springframework\spring-jcl\5.2.8.RELEASE\spring-jcl-5.2.8.RELEASE.jar;D:\Development\ideaWorkSpace\repository\org\springframework\spring-test\5.2.8.RELEASE\spring-test-5.2.8.RELEASE.jar;D:\Development\ideaWorkSpace\repository\org\xmlunit\xmlunit-core\2.7.0\xmlunit-core-2.7.0.jar;D:\Development\ideaWorkSpace\repository\org\webjars\jquery\1.7.2\jquery-1.7.2.jar;D:\Development\ideaWorkSpace\repository\org\webjars\bootstrap\3.3.5\bootstrap-3.3.5.jar;"/>
    <property name="sun.cpu.endian" value="little"/>
    <property name="user.home" value="C:\Users\Piaoer"/>
    <property name="user.language" value="zh"/>
    <property name="java.specification.vendor" value="Oracle Corporation"/>
    <property name="java.home" value="C:\Program Files\Java\jdk1.8.0_201\jre"/>
    <property name="basedir" value="D:\Development\ideaWorkSpace\myweb"/>
    <property name="file.separator" value="\"/>
    <property name="line.separator" value="&#10;"/>
    <property name="java.vm.specification.vendor" value="Oracle Corporation"/>
    <property name="java.specification.name" value="Java Platform API Specification"/>
    <property name="java.awt.graphicsenv" value="sun.awt.Win32GraphicsEnvironment"/>
    <property name="surefire.real.class.path" value="C:\Users\Piaoer\AppData\Local\Temp\surefire3209943693316264049\surefirebooter2398235767315371852.jar"/>
    <property name="sun.boot.class.path" value="C:\Program Files\Java\jdk1.8.0_201\jre\lib\resources.jar;C:\Program Files\Java\jdk1.8.0_201\jre\lib\rt.jar;C:\Program Files\Java\jdk1.8.0_201\jre\lib\sunrsasign.jar;C:\Program Files\Java\jdk1.8.0_201\jre\lib\jsse.jar;C:\Program Files\Java\jdk1.8.0_201\jre\lib\jce.jar;C:\Program Files\Java\jdk1.8.0_201\jre\lib\charsets.jar;C:\Program Files\Java\jdk1.8.0_201\jre\lib\jfr.jar;C:\Program Files\Java\jdk1.8.0_201\jre\classes"/>
    <property name="user.script" value=""/>
    <property name="sun.management.compiler" value="HotSpot 64-Bit Tiered Compilers"/>
    <property name="java.runtime.version" value="1.8.0_201-b09"/>
    <property name="user.name" value="白嫖王"/>
    <property name="path.separator" value=";"/>
    <property name="os.version" value="10.0"/>
    <property name="java.endorsed.dirs" value="C:\Program Files\Java\jdk1.8.0_201\jre\lib\endorsed"/>
    <property name="java.runtime.name" value="Java(TM) SE Runtime Environment"/>
    <property name="file.encoding" value="GBK"/>
    <property name="java.vm.name" value="Java HotSpot(TM) 64-Bit Server VM"/>
    <property name="localRepository" value="D:\Development\ideaWorkSpace\repository"/>
    <property name="java.vendor.url.bug" value="http://bugreport.sun.com/bugreport/"/>
    <property name="java.io.tmpdir" value="C:\Users\Piaoer\AppData\Local\Temp\"/>
    <property name="java.version" value="1.8.0_201"/>
    <property name="user.dir" value="D:\Development\ideaWorkSpace\myweb"/>
    <property name="os.arch" value="amd64"/>
    <property name="java.vm.specification.name" value="Java Virtual Machine Specification"/>
    <property name="java.awt.printerjob" value="sun.awt.windows.WPrinterJob"/>
    <property name="sun.os.patch.level" value=""/>
    <property name="idea.version2019.3.5" value="true"/>
    <property name="java.library.path" value="C:\Program Files\Java\jdk1.8.0_201\jre\bin;C:\Windows\Sun\Java\bin;C:\Windows\system32;C:\Windows;C:\Program Files (x86)\Common Files\Oracle\Java\javapath;C:\ProgramData\Oracle\Java\javapath;C:\Windows\system32;C:\Windows;C:\Windows\System32\Wbem;C:\Windows\System32\WindowsPowerShell\v1.0\;C:\Windows\System32\OpenSSH\;C:\Program Files\NVIDIA Corporation\NVIDIA NvDLISR;C:\Program Files\Java\jdk1.8.0_201\bin;C:\Program Files\Java\jdk1.8.0_201\jre\bin;D:\Software\Android\android-sdk\platform-tools;D:\Software\Android\android-sdk\tools;D:\Software\mysql-8.0.15-winx64\bin;D:\Software\apache-maven-3.6.3\bin;C:\Program Files\Git\cmd;C:\Users\Piaoer\AppData\Local\Microsoft\WindowsApps;;D:\Software\IntelliJ IDEA 2019.1\bin;;."/>
    <property name="java.vm.info" value="mixed mode"/>
    <property name="java.vendor" value="Oracle Corporation"/>
    <property name="java.vm.version" value="25.201-b09"/>
    <property name="java.ext.dirs" value="C:\Program Files\Java\jdk1.8.0_201\jre\lib\ext;C:\Windows\Sun\Java\lib\ext"/>
    <property name="sun.io.unicode.encoding" value="UnicodeLittle"/>
    <property name="java.class.version" value="52.0"/>
  </properties>
  <testcase name="contextLoads" classname="com.suzhoukeleqi.MywebApplicationTests" time="0.172"/>
</testsuite>